info it worked if it ends with ok
verbose cli [ 'node', '/usr/local/bin/npm', 'install', '-g', 'socketio' ]
info using npm@1.1.23
info using node@v0.6.18
verbose /usr/local/bin/node node symlink
verbose config file /Users/lmorley/.npmrc
verbose config file /usr/local/etc/npmrc
verbose config file /usr/local/lib/node_modules/npm/npmrc
verbose cache add [ 'socketio', null ]
silly cache add: name, spec, args [ undefined, 'socketio', [ 'socketio', null ] ]
verbose parsed url { pathname: 'socketio', path: 'socketio', href: 'socketio' }
verbose addNamed [ 'socketio', '' ]
verbose addNamed [ null, '' ]
silly name, range, hasData [ 'socketio', '', false ]
verbose raw, before any munging socketio
verbose url resolving [ 'https://registry.npmjs.org/', './socketio' ]
verbose url resolved https://registry.npmjs.org/socketio
http GET https://registry.npmjs.org/socketio
http 404 https://registry.npmjs.org/socketio
silly get cb [ 404,
silly get cb   { server: 'CouchDB/1.2.0 (Erlang OTP/R15B)',
silly get cb     date: 'Tue, 29 May 2012 22:22:05 GMT',
silly get cb     'content-type': 'application/json',
silly get cb     'content-length': '52',
silly get cb     'cache-control': 'must-revalidate' } ]
ERR! 404 'socketio' is not in the npm registry.
ERR! 404 You should bug the author to publish it
ERR! 404 Note that you can also install from a
ERR! 404 tarball, folder, or http url, or git url.
ERR! 
ERR! System Darwin 10.8.0
ERR! command "node" "/usr/local/bin/npm" "install" "-g" "socketio"
ERR! cwd /Users/lmorley/Desktop/fluentconf/node_workshop_code
ERR! node -v v0.6.18
ERR! npm -v 1.1.23
ERR! code E404
ERR! message 404 Not Found: socketio
ERR! errno {}
verbose exit [ 1, true ]
